-------------------------------------------------------------------------------
Test set: com.edulink.notificationservice.controller.NotificationControllerTest
-------------------------------------------------------------------------------
Tests run: 6, Failures: 5, Errors: 1, Skipped: 0, Time elapsed: 2.857 s <<< FAILURE! -- in com.edulink.notificationservice.controller.NotificationControllerTest
com.edulink.notificationservice.controller.NotificationControllerTest.markRead_nonExistingId_throwsNotificationNotFoundException -- Time elapsed: 2.709 s <<< FAILURE!
org.opentest4j.AssertionFailedError: Unexpected exception type thrown, expected: <com.edulink.notificationservice.exception.NotificationNotFoundException> but was: <java.lang.NullPointerException>
	at org.junit.jupiter.api.AssertionFailureBuilder.build(AssertionFailureBuilder.java:151)
	at org.junit.jupiter.api.AssertThrows.assertThrows(AssertThrows.java:67)
	at org.junit.jupiter.api.AssertThrows.assertThrows(AssertThrows.java:35)
	at org.junit.jupiter.api.Assertions.assertThrows(Assertions.java:3115)
	at com.edulink.notificationservice.controller.NotificationControllerTest.markRead_nonExistingId_throwsNotificationNotFoundException(NotificationControllerTest.java:97)
	at java.base/java.lang.reflect.Method.invoke(Method.java:565)
	at java.base/java.util.ArrayList.forEach(ArrayList.java:1604)
	at java.base/java.util.ArrayList.forEach(ArrayList.java:1604)
Caused by: java.lang.NullPointerException: Cannot invoke "com.edulink.notificationservice.service.NotificationService.markAsRead(java.lang.Long)" because "this.notificationService" is null
	at com.edulink.notificationservice.controller.NotificationController.markRead(NotificationController.java:57)
	at com.edulink.notificationservice.controller.NotificationControllerTest.lambda$markRead_nonExistingId_throwsNotificationNotFoundException$0(NotificationControllerTest.java:97)
	at org.junit.jupiter.api.AssertThrows.assertThrows(AssertThrows.java:53)
	... 6 more

com.edulink.notificationservice.controller.NotificationControllerTest.sendNotification_nullPayload_throwsInvalidNotificationException -- Time elapsed: 0.007 s <<< FAILURE!
org.opentest4j.AssertionFailedError: Unexpected exception type thrown, expected: <com.edulink.notificationservice.exception.InvalidNotificationException> but was: <java.lang.NullPointerException>
	at org.junit.jupiter.api.AssertionFailureBuilder.build(AssertionFailureBuilder.java:151)
	at org.junit.jupiter.api.AssertThrows.assertThrows(AssertThrows.java:67)
	at org.junit.jupiter.api.AssertThrows.assertThrows(AssertThrows.java:35)
	at org.junit.jupiter.api.Assertions.assertThrows(Assertions.java:3115)
	at com.edulink.notificationservice.controller.NotificationControllerTest.sendNotification_nullPayload_throwsInvalidNotificationException(NotificationControllerTest.java:33)
	at java.base/java.lang.reflect.Method.invoke(Method.java:565)
	at java.base/java.util.ArrayList.forEach(ArrayList.java:1604)
	at java.base/java.util.ArrayList.forEach(ArrayList.java:1604)
Caused by: java.lang.NullPointerException: Cannot invoke "com.edulink.notificationservice.entity.Notification.getRecipientEmail()" because "notification" is null
	at com.edulink.notificationservice.controller.NotificationController.sendNotification(NotificationController.java:29)
	at com.edulink.notificationservice.controller.NotificationControllerTest.lambda$sendNotification_nullPayload_throwsInvalidNotificationException$0(NotificationControllerTest.java:33)
	at org.junit.jupiter.api.AssertThrows.assertThrows(AssertThrows.java:53)
	... 6 more

com.edulink.notificationservice.controller.NotificationControllerTest.sendNotification_invalidEmailFormat_throwsInvalidNotificationException -- Time elapsed: 0.012 s <<< FAILURE!
org.opentest4j.AssertionFailedError: Unexpected exception type thrown, expected: <com.edulink.notificationservice.exception.InvalidNotificationException> but was: <java.lang.NullPointerException>
	at org.junit.jupiter.api.AssertionFailureBuilder.build(AssertionFailureBuilder.java:151)
	at org.junit.jupiter.api.AssertThrows.assertThrows(AssertThrows.java:67)
	at org.junit.jupiter.api.AssertThrows.assertThrows(AssertThrows.java:35)
	at org.junit.jupiter.api.Assertions.assertThrows(Assertions.java:3115)
	at com.edulink.notificationservice.controller.NotificationControllerTest.sendNotification_invalidEmailFormat_throwsInvalidNotificationException(NotificationControllerTest.java:56)
	at java.base/java.lang.reflect.Method.invoke(Method.java:565)
	at java.base/java.util.ArrayList.forEach(ArrayList.java:1604)
	at java.base/java.util.ArrayList.forEach(ArrayList.java:1604)
Caused by: java.lang.NullPointerException: Cannot invoke "com.edulink.notificationservice.service.NotificationService.sendNotification(com.edulink.notificationservice.entity.Notification)" because "this.notificationService" is null
	at com.edulink.notificationservice.controller.NotificationController.sendNotification(NotificationController.java:30)
	at com.edulink.notificationservice.controller.NotificationControllerTest.lambda$sendNotification_invalidEmailFormat_throwsInvalidNotificationException$0(NotificationControllerTest.java:56)
	at org.junit.jupiter.api.AssertThrows.assertThrows(AssertThrows.java:53)
	... 6 more

com.edulink.notificationservice.controller.NotificationControllerTest.sendNotification_emptyEmail_throwsInvalidNotificationException -- Time elapsed: 0.006 s <<< FAILURE!
org.opentest4j.AssertionFailedError: Unexpected exception type thrown, expected: <com.edulink.notificationservice.exception.InvalidNotificationException> but was: <java.lang.NullPointerException>
	at org.junit.jupiter.api.AssertionFailureBuilder.build(AssertionFailureBuilder.java:151)
	at org.junit.jupiter.api.AssertThrows.assertThrows(AssertThrows.java:67)
	at org.junit.jupiter.api.AssertThrows.assertThrows(AssertThrows.java:35)
	at org.junit.jupiter.api.Assertions.assertThrows(Assertions.java:3115)
	at com.edulink.notificationservice.controller.NotificationControllerTest.sendNotification_emptyEmail_throwsInvalidNotificationException(NotificationControllerTest.java:44)
	at java.base/java.lang.reflect.Method.invoke(Method.java:565)
	at java.base/java.util.ArrayList.forEach(ArrayList.java:1604)
	at java.base/java.util.ArrayList.forEach(ArrayList.java:1604)
Caused by: java.lang.NullPointerException: Cannot invoke "com.edulink.notificationservice.service.NotificationService.sendNotification(com.edulink.notificationservice.entity.Notification)" because "this.notificationService" is null
	at com.edulink.notificationservice.controller.NotificationController.sendNotification(NotificationController.java:30)
	at com.edulink.notificationservice.controller.NotificationControllerTest.lambda$sendNotification_emptyEmail_throwsInvalidNotificationException$0(NotificationControllerTest.java:44)
	at org.junit.jupiter.api.AssertThrows.assertThrows(AssertThrows.java:53)
	... 6 more

com.edulink.notificationservice.controller.NotificationControllerTest.sendNotification_validNotification_returnsCreatedResponse -- Time elapsed: 0.006 s <<< ERROR!
java.lang.NullPointerException: Cannot invoke "com.edulink.notificationservice.service.NotificationService.sendNotification(com.edulink.notificationservice.entity.Notification)" because "this.notificationService" is null
	at com.edulink.notificationservice.controller.NotificationController.sendNotification(NotificationController.java:30)
	at com.edulink.notificationservice.controller.NotificationControllerTest.sendNotification_validNotification_returnsCreatedResponse(NotificationControllerTest.java:88)
	at java.base/java.lang.reflect.Method.invoke(Method.java:565)
	at java.base/java.util.ArrayList.forEach(ArrayList.java:1604)
	at java.base/java.util.ArrayList.forEach(ArrayList.java:1604)

com.edulink.notificationservice.controller.NotificationControllerTest.sendNotification_emptyTitle_throwsInvalidNotificationException -- Time elapsed: 0.009 s <<< FAILURE!
org.opentest4j.AssertionFailedError: Unexpected exception type thrown, expected: <com.edulink.notificationservice.exception.InvalidNotificationException> but was: <java.lang.NullPointerException>
	at org.junit.jupiter.api.AssertionFailureBuilder.build(AssertionFailureBuilder.java:151)
	at org.junit.jupiter.api.AssertThrows.assertThrows(AssertThrows.java:67)
	at org.junit.jupiter.api.AssertThrows.assertThrows(AssertThrows.java:35)
	at org.junit.jupiter.api.Assertions.assertThrows(Assertions.java:3115)
	at com.edulink.notificationservice.controller.NotificationControllerTest.sendNotification_emptyTitle_throwsInvalidNotificationException(NotificationControllerTest.java:68)
	at java.base/java.lang.reflect.Method.invoke(Method.java:565)
	at java.base/java.util.ArrayList.forEach(ArrayList.java:1604)
	at java.base/java.util.ArrayList.forEach(ArrayList.java:1604)
Caused by: java.lang.NullPointerException: Cannot invoke "com.edulink.notificationservice.service.NotificationService.sendNotification(com.edulink.notificationservice.entity.Notification)" because "this.notificationService" is null
	at com.edulink.notificationservice.controller.NotificationController.sendNotification(NotificationController.java:30)
	at com.edulink.notificationservice.controller.NotificationControllerTest.lambda$sendNotification_emptyTitle_throwsInvalidNotificationException$0(NotificationControllerTest.java:68)
	at org.junit.jupiter.api.AssertThrows.assertThrows(AssertThrows.java:53)
	... 6 more

